[debug] [2022-08-02T03:59:31.031Z] ----------------------------------------------------------------------
[debug] [2022-08-02T03:59:31.033Z] Command:       /usr/local/Cellar/node/18.6.0/bin/node /usr/local/bin/firebase emulators:start
[debug] [2022-08-02T03:59:31.033Z] CLI Version:   11.4.1
[debug] [2022-08-02T03:59:31.033Z] Platform:      darwin
[debug] [2022-08-02T03:59:31.033Z] Node Version:  v18.6.0
[debug] [2022-08-02T03:59:31.035Z] Time:          Mon Aug 01 2022 22:59:31 GMT-0500 (Central Daylight Time)
[debug] [2022-08-02T03:59:31.035Z] ----------------------------------------------------------------------
[debug] 
[debug] [2022-08-02T03:59:31.111Z] > command requires scopes: ["email","openid","https://www.googleapis.com/auth/cloudplatformprojects.readonly","https://www.googleapis.com/auth/firebase","https://www.googleapis.com/auth/cloud-platform"]
[debug] [2022-08-02T03:59:31.111Z] > authorizing via signed-in user (carlos2345532@gmail.com)
[info] i  emulators: Starting emulators: functions {"metadata":{"emulator":{"name":"hub"},"message":"Starting emulators: functions"}}
[debug] [2022-08-02T03:59:31.152Z] [hub] writing locator at /var/folders/88/5qm3vrqd1d16gywf7mlt3wp40000gn/T/hub-clone-e1507.json
[warn] ⚠  functions: The following emulators are not running, calls to these services from the Functions emulator will affect production: auth, firestore, database, hosting, pubsub, storage {"metadata":{"emulator":{"name":"functions"},"message":"The following emulators are not running, calls to these services from the Functions emulator will affect production: \u001b[1mauth, firestore, database, hosting, pubsub, storage\u001b[22m"}}
[warn] ⚠  Your requested "node" version "16" doesn't match your global version "18". Using node@18 from host. {"metadata":{"emulator":{"name":"functions"},"message":"Your requested \"node\" version \"16\" doesn't match your global version \"18\". Using node@18 from host."}}
[debug] [2022-08-02T03:59:31.211Z] defaultcredentials: writing to file /Users/carlosarbizu/.config/firebase/carlos2345532_gmail_com_application_default_credentials.json
[debug] [2022-08-02T03:59:31.216Z] Setting GAC to /Users/carlosarbizu/.config/firebase/carlos2345532_gmail_com_application_default_credentials.json {"metadata":{"emulator":{"name":"functions"},"message":"Setting GAC to /Users/carlosarbizu/.config/firebase/carlos2345532_gmail_com_application_default_credentials.json"}}
[debug] [2022-08-02T03:59:31.218Z] > refreshing access token with scopes: []
[debug] [2022-08-02T03:59:31.221Z] >>> [apiv2][query] POST https://www.googleapis.com/oauth2/v3/token [none]
[debug] [2022-08-02T03:59:31.222Z] >>> [apiv2][body] POST https://www.googleapis.com/oauth2/v3/token [omitted]
[debug] [2022-08-02T03:59:31.419Z] <<< [apiv2][status] POST https://www.googleapis.com/oauth2/v3/token 200
[debug] [2022-08-02T03:59:31.420Z] <<< [apiv2][body] POST https://www.googleapis.com/oauth2/v3/token [omitted]
[debug] [2022-08-02T03:59:31.472Z] >>> [apiv2][query] GET https://firebase.googleapis.com/v1beta1/projects/clone-e1507/adminSdkConfig [none]
[debug] [2022-08-02T03:59:31.702Z] <<< [apiv2][status] GET https://firebase.googleapis.com/v1beta1/projects/clone-e1507/adminSdkConfig 200
[debug] [2022-08-02T03:59:31.702Z] <<< [apiv2][body] GET https://firebase.googleapis.com/v1beta1/projects/clone-e1507/adminSdkConfig {"projectId":"clone-e1507","storageBucket":"clone-e1507.appspot.com"}
[warn] ⚠  ui: Emulator UI unable to start on port 4000, starting on 4001 instead. {"metadata":{"emulator":{"name":"ui"},"message":"Emulator UI unable to start on port 4000, starting on 4001 instead."}}
[debug] [2022-08-02T03:59:32.006Z] Ignoring unsupported arg: auto_download {"metadata":{"emulator":{"name":"ui"},"message":"Ignoring unsupported arg: auto_download"}}
[debug] [2022-08-02T03:59:32.006Z] Ignoring unsupported arg: port {"metadata":{"emulator":{"name":"ui"},"message":"Ignoring unsupported arg: port"}}
[debug] [2022-08-02T03:59:32.006Z] Starting Emulator UI with command {"binary":"node","args":["/Users/carlosarbizu/.cache/firebase/emulators/ui-v1.8.1/server/server.js"],"optionalArgs":[],"joinArgs":false} {"metadata":{"emulator":{"name":"ui"},"message":"Starting Emulator UI with command {\"binary\":\"node\",\"args\":[\"/Users/carlosarbizu/.cache/firebase/emulators/ui-v1.8.1/server/server.js\"],\"optionalArgs\":[],\"joinArgs\":false}"}}
[info] i  ui: Emulator UI logging to ui-debug.log {"metadata":{"emulator":{"name":"ui"},"message":"Emulator UI logging to \u001b[1mui-debug.log\u001b[22m"}}
[debug] [2022-08-02T03:59:32.153Z] Web / API server started at localhost:4001
 {"metadata":{"emulator":{"name":"ui"},"message":"Web / API server started at localhost:4001\n"}}
[info] i  functions: Watching "/Users/carlosarbizu/githubRepos/amazon-clone/functions" for Cloud Functions... {"metadata":{"emulator":{"name":"functions"},"message":"Watching \"/Users/carlosarbizu/githubRepos/amazon-clone/functions\" for Cloud Functions..."}}
[debug] [2022-08-02T03:59:32.284Z] Validating nodejs source
[debug] [2022-08-02T03:59:33.699Z] > [functions] package.json contents: {
  "name": "functions",
  "description": "Cloud Functions for Firebase",
  "scripts": {
    "lint": "eslint .",
    "serve": "firebase emulators:start --only functions",
    "shell": "firebase functions:shell",
    "start": "npm run shell",
    "deploy": "firebase deploy --only functions",
    "logs": "firebase functions:log"
  },
  "engines": {
    "node": "16"
  },
  "main": "index.js",
  "dependencies": {
    "cors": "^2.8.5",
    "express": "^4.18.1",
    "firebase-admin": "^10.0.2",
    "firebase-functions": "^3.18.0",
    "stripe": "^9.16.0"
  },
  "devDependencies": {
    "eslint": "^8.9.0",
    "eslint-config-google": "^0.14.0",
    "firebase-functions-test": "^0.2.0"
  },
  "private": true
}
[debug] [2022-08-02T03:59:33.699Z] Building nodejs source
[debug] [2022-08-02T03:59:33.699Z] Analyzing nodejs backend spec
[debug] [2022-08-02T03:59:33.701Z] Could not find functions.yaml. Must use http discovery
[debug] [2022-08-02T03:59:33.970Z] Serving at port 9005

[debug] [2022-08-02T03:59:34.115Z] Got response from /__/functions.yaml {"endpoints":{"api":{"platform":"gcfv1","httpsTrigger":{},"entryPoint":"api"}},"specVersion":"v1alpha1","requiredAPIs":[]}
[debug] [2022-08-02T03:59:34.120Z] shutdown requested via /__/quitquitquit

[info] ✔  functions[us-central1-api]: http function initialized (http://localhost:5001/clone-e1507/us-central1/api). {"metadata":{"emulator":{"name":"functions"},"message":"\u001b[1mhttp\u001b[22m function initialized (http://localhost:5001/clone-e1507/us-central1/api)."}}
[info] 
┌─────────────────────────────────────────────────────────────┐
│ ✔  All emulators ready! It is now safe to connect your app. │
│ i  View Emulator UI at http://localhost:4001                │
└─────────────────────────────────────────────────────────────┘

┌───────────┬────────────────┬─────────────────────────────────┐
│ Emulator  │ Host:Port      │ View in Emulator UI             │
├───────────┼────────────────┼─────────────────────────────────┤
│ Functions │ localhost:5001 │ http://localhost:4001/functions │
└───────────┴────────────────┴─────────────────────────────────┘
  Emulator Hub running at localhost:4400
  Other reserved ports: 4500

Issues? Report them at https://github.com/firebase/firebase-tools/issues and attach the *-debug.log files.
 
